<?xml version="1.0" encoding="UTF-8"?>
<testng-results ignored="0" total="1" passed="1" failed="0" skipped="0">
  <reporter-output>
  </reporter-output>
  <suite started-at="2024-06-27T12:37:28 IST" name="Suite" finished-at="2024-06-27T12:37:37 IST" duration-ms="9297">
    <groups>
      <group name="Master">
        <method signature="TC_002_LoginTest.verify_Login()[pri:0, instance:testCases.TC_002_LoginTest@68b6f0d6]" name="verify_Login" class="testCases.TC_002_LoginTest"/>
      </group> <!-- Master -->
      <group name="Sanity">
        <method signature="TC_002_LoginTest.verify_Login()[pri:0, instance:testCases.TC_002_LoginTest@68b6f0d6]" name="verify_Login" class="testCases.TC_002_LoginTest"/>
      </group> <!-- Sanity -->
    </groups>
    <test started-at="2024-06-27T12:37:28 IST" name="Test" finished-at="2024-06-27T12:37:37 IST" duration-ms="9297">
      <class name="testCases.TC_002_LoginTest">
        <test-method is-config="true" signature="setup(java.lang.String,java.lang.String)[pri:0, instance:testCases.TC_002_LoginTest@68b6f0d6]" started-at="2024-06-27T12:37:28 IST" name="setup" finished-at="2024-06-27T12:37:33 IST" duration-ms="5256" status="PASS">
          <params>
            <param index="0">
              <value>
                <![CDATA[linux]]>
              </value>
            </param>
            <param index="1">
              <value>
                <![CDATA[chrome]]>
              </value>
            </param>
          </params>
          <reporter-output>
          </reporter-output>
        </test-method> <!-- setup -->
        <test-method signature="verify_Login()[pri:0, instance:testCases.TC_002_LoginTest@68b6f0d6]" started-at="2024-06-27T12:37:33 IST" name="verify_Login" finished-at="2024-06-27T12:37:37 IST" duration-ms="3320" status="PASS">
          <reporter-output>
          </reporter-output>
        </test-method> <!-- verify_Login -->
        <test-method is-config="true" signature="tearDown()[pri:0, instance:testCases.TC_002_LoginTest@68b6f0d6]" started-at="2024-06-27T12:37:37 IST" name="tearDown" finished-at="2024-06-27T12:37:37 IST" duration-ms="179" status="PASS">
          <reporter-output>
          </reporter-output>
        </test-method> <!-- tearDown -->
      </class> <!-- testCases.TC_002_LoginTest -->
    </test> <!-- Test -->
  </suite> <!-- Suite -->
</testng-results>
